<?xml version="1.0" encoding="UTF-8"?>
<testsuite xmlns:xsi="http://www.w3.org/2001/XMLSchema-instance" xsi:noNamespaceSchemaLocation="https://maven.apache.org/surefire/maven-surefire-plugin/xsd/surefire-test-report.xsd" name="com.ever.AppTest" time="0.023" tests="1" errors="0" skipped="0" failures="0">
  <properties>
    <property name="sun.desktop" value="windows"/>
    <property name="awt.toolkit" value="sun.awt.windows.WToolkit"/>
    <property name="file.encoding.pkg" value="sun.io"/>
    <property name="java.specification.version" value="1.8"/>
    <property name="sun.cpu.isalist" value="amd64"/>
    <property name="sun.jnu.encoding" value="Cp1252"/>
    <property name="java.class.path" value="C:\code\Restlet\target\test-classes;C:\code\Restlet\target\classes;C:\Users\alex.du\.m2\repository\junit\junit\4.11\junit-4.11.jar;C:\Users\alex.du\.m2\repository\org\hamcrest\hamcrest-core\1.3\hamcrest-core-1.3.jar;C:\Users\alex.du\.m2\repository\org\restlet\jee\org.restlet\2.3.4\org.restlet-2.3.4.jar;C:\Users\alex.du\.m2\repository\org\restlet\jee\org.restlet.ext.servlet\2.3.4\org.restlet.ext.servlet-2.3.4.jar;C:\Users\alex.du\.m2\repository\org\restlet\jee\org.restlet.ext.spring\2.3.4\org.restlet.ext.spring-2.3.4.jar;C:\Users\alex.du\.m2\repository\cglib\cglib-nodep\2.2\cglib-nodep-2.2.jar;C:\Users\alex.du\.m2\repository\commons-logging\commons-logging\1.1.3\commons-logging-1.1.3.jar;C:\Users\alex.du\.m2\repository\org\springframework\spring-beans\3.2.6.RELEASE\spring-beans-3.2.6.RELEASE.jar;C:\Users\alex.du\.m2\repository\org\springframework\spring-context\3.2.6.RELEASE\spring-context-3.2.6.RELEASE.jar;C:\Users\alex.du\.m2\repository\org\springframework\spring-aop\3.2.6.RELEASE\spring-aop-3.2.6.RELEASE.jar;C:\Users\alex.du\.m2\repository\org\springframework\spring-core\3.2.6.RELEASE\spring-core-3.2.6.RELEASE.jar;C:\Users\alex.du\.m2\repository\org\springframework\spring-expression\3.2.6.RELEASE\spring-expression-3.2.6.RELEASE.jar;C:\Users\alex.du\.m2\repository\org\springframework\spring-web\3.2.6.RELEASE\spring-web-3.2.6.RELEASE.jar;C:\Users\alex.du\.m2\repository\aopalliance\aopalliance\1.0\aopalliance-1.0.jar;C:\Users\alex.du\.m2\repository\org\springframework\spring-webmvc\3.2.6.RELEASE\spring-webmvc-3.2.6.RELEASE.jar;"/>
    <property name="java.vm.vendor" value="Oracle Corporation"/>
    <property name="sun.arch.data.model" value="64"/>
    <property name="user.variant" value=""/>
    <property name="java.vendor.url" value="http://java.oracle.com/"/>
    <property name="user.timezone" value=""/>
    <property name="java.vm.specification.version" value="1.8"/>
    <property name="os.name" value="Windows 10"/>
    <property name="user.country" value="US"/>
    <property name="sun.java.launcher" value="SUN_STANDARD"/>
    <property name="sun.boot.library.path" value="C:\Program Files\Java\jdk1.8.0_181\jre\bin"/>
    <property name="sun.java.command" value="C:\Users\alex.du\AppData\Local\Temp\surefire3335094796926283505\surefirebooter8240953842847512741.jar C:\Users\alex.du\AppData\Local\Temp\surefire3335094796926283505 2018-07-31T14-33-50_865-jvmRun1 surefire4910997396362994996tmp surefire_01734358145101276092tmp"/>
    <property name="surefire.test.class.path" value="C:\code\Restlet\target\test-classes;C:\code\Restlet\target\classes;C:\Users\alex.du\.m2\repository\junit\junit\4.11\junit-4.11.jar;C:\Users\alex.du\.m2\repository\org\hamcrest\hamcrest-core\1.3\hamcrest-core-1.3.jar;C:\Users\alex.du\.m2\repository\org\restlet\jee\org.restlet\2.3.4\org.restlet-2.3.4.jar;C:\Users\alex.du\.m2\repository\org\restlet\jee\org.restlet.ext.servlet\2.3.4\org.restlet.ext.servlet-2.3.4.jar;C:\Users\alex.du\.m2\repository\org\restlet\jee\org.restlet.ext.spring\2.3.4\org.restlet.ext.spring-2.3.4.jar;C:\Users\alex.du\.m2\repository\cglib\cglib-nodep\2.2\cglib-nodep-2.2.jar;C:\Users\alex.du\.m2\repository\commons-logging\commons-logging\1.1.3\commons-logging-1.1.3.jar;C:\Users\alex.du\.m2\repository\org\springframework\spring-beans\3.2.6.RELEASE\spring-beans-3.2.6.RELEASE.jar;C:\Users\alex.du\.m2\repository\org\springframework\spring-context\3.2.6.RELEASE\spring-context-3.2.6.RELEASE.jar;C:\Users\alex.du\.m2\repository\org\springframework\spring-aop\3.2.6.RELEASE\spring-aop-3.2.6.RELEASE.jar;C:\Users\alex.du\.m2\repository\org\springframework\spring-core\3.2.6.RELEASE\spring-core-3.2.6.RELEASE.jar;C:\Users\alex.du\.m2\repository\org\springframework\spring-expression\3.2.6.RELEASE\spring-expression-3.2.6.RELEASE.jar;C:\Users\alex.du\.m2\repository\org\springframework\spring-web\3.2.6.RELEASE\spring-web-3.2.6.RELEASE.jar;C:\Users\alex.du\.m2\repository\aopalliance\aopalliance\1.0\aopalliance-1.0.jar;C:\Users\alex.du\.m2\repository\org\springframework\spring-webmvc\3.2.6.RELEASE\spring-webmvc-3.2.6.RELEASE.jar;"/>
    <property name="sun.cpu.endian" value="little"/>
    <property name="user.home" value="C:\Users\alex.du"/>
    <property name="user.language" value="en"/>
    <property name="java.specification.vendor" value="Oracle Corporation"/>
    <property name="java.home" value="C:\Program Files\Java\jdk1.8.0_181\jre"/>
    <property name="basedir" value="C:\code\Restlet"/>
    <property name="file.separator" value="\"/>
    <property name="line.separator" value="&#10;"/>
    <property name="java.vm.specification.vendor" value="Oracle Corporation"/>
    <property name="java.specification.name" value="Java Platform API Specification"/>
    <property name="java.awt.graphicsenv" value="sun.awt.Win32GraphicsEnvironment"/>
    <property name="surefire.real.class.path" value="C:\Users\alex.du\AppData\Local\Temp\surefire3335094796926283505\surefirebooter8240953842847512741.jar"/>
    <property name="sun.boot.class.path" value="C:\Program Files\Java\jdk1.8.0_181\jre\lib\resources.jar;C:\Program Files\Java\jdk1.8.0_181\jre\lib\rt.jar;C:\Program Files\Java\jdk1.8.0_181\jre\lib\sunrsasign.jar;C:\Program Files\Java\jdk1.8.0_181\jre\lib\jsse.jar;C:\Program Files\Java\jdk1.8.0_181\jre\lib\jce.jar;C:\Program Files\Java\jdk1.8.0_181\jre\lib\charsets.jar;C:\Program Files\Java\jdk1.8.0_181\jre\lib\jfr.jar;C:\Program Files\Java\jdk1.8.0_181\jre\classes"/>
    <property name="user.script" value=""/>
    <property name="sun.management.compiler" value="HotSpot 64-Bit Tiered Compilers"/>
    <property name="java.runtime.version" value="1.8.0_181-b13"/>
    <property name="user.name" value="alex.du"/>
    <property name="path.separator" value=";"/>
    <property name="os.version" value="10.0"/>
    <property name="java.endorsed.dirs" value="C:\Program Files\Java\jdk1.8.0_181\jre\lib\endorsed"/>
    <property name="java.runtime.name" value="Java(TM) SE Runtime Environment"/>
    <property name="file.encoding" value="Cp1252"/>
    <property name="java.vm.name" value="Java HotSpot(TM) 64-Bit Server VM"/>
    <property name="localRepository" value="C:\Users\alex.du\.m2\repository"/>
    <property name="java.vendor.url.bug" value="http://bugreport.sun.com/bugreport/"/>
    <property name="java.io.tmpdir" value="C:\Users\alex.du\AppData\Local\Temp\"/>
    <property name="idea.version" value="2018.2"/>
    <property name="java.version" value="1.8.0_181"/>
    <property name="user.dir" value="C:\code\Restlet"/>
    <property name="os.arch" value="amd64"/>
    <property name="java.vm.specification.name" value="Java Virtual Machine Specification"/>
    <property name="java.awt.printerjob" value="sun.awt.windows.WPrinterJob"/>
    <property name="sun.os.patch.level" value=""/>
    <property name="java.library.path" value="C:\Program Files\Java\jdk1.8.0_181\jre\bin;C:\windows\Sun\Java\bin;C:\windows\system32;C:\windows;C:\Program Files (x86)\Common Files\Oracle\Java\javapath;C:\windows\system32;C:\windows;C:\windows\System32\Wbem;C:\windows\System32\WindowsPowerShell\v1.0\;C:\project\apache-maven-3.5.4\bin;C:\Program Files\Git\cmd;C:\Program Files\MongoDB\Server\4.0\bin;C:\Program Files\nodejs\;C:\Users\alex.du\AppData\Local\Microsoft\WindowsApps;C:\Users\alex.du\AppData\Roaming\npm;."/>
    <property name="java.vm.info" value="mixed mode"/>
    <property name="java.vendor" value="Oracle Corporation"/>
    <property name="java.vm.version" value="25.181-b13"/>
    <property name="java.ext.dirs" value="C:\Program Files\Java\jdk1.8.0_181\jre\lib\ext;C:\windows\Sun\Java\lib\ext"/>
    <property name="sun.io.unicode.encoding" value="UnicodeLittle"/>
    <property name="java.class.version" value="52.0"/>
  </properties>
  <testcase name="shouldAnswerWithTrue" classname="com.ever.AppTest" time="0.001"/>
</testsuite>